<?xml version="1.0" encoding="UTF-8"?><testsuite errors="2" failures="0" name="HU-005 Buscar productos en la Pagina Dafiti" skipped="0" tests="2" time="64.99" timestamp="2021-06-16 11:34:48"><testcase name="Buscar el producto en el buscador de Dafiti con respuesta exitosa"><error message="no such element: Unable to locate element: {&quot;method&quot;:&quot;xpath&quot;,&quot;selector&quot;:&quot;(//span[contains(text(),'producto')])[1]&quot;}&#10;  (Session info: chrome=91.0.4472.101)&#10;For documentation on this error, please visit: https://www.seleniumhq.org/exceptions/no_such_element.html&#10;Build info: version: '3.141.59', revision: 'e82be7d358', time: '2018-11-14T08:17:03'&#10;System info: host: 'DESKTOP-F5EL4IS', ip: '192.168.0.6', os.name: 'Windows 10', os.arch: 'amd64', os.version: '10.0', java.version: '1.8.0_291'&#10;Driver info: org.openqa.selenium.chrome.ChromeDriver&#10;Capabilities {acceptInsecureCerts: false, browserName: chrome, browserVersion: 91.0.4472.101, chrome: {chromedriverVersion: 91.0.4472.19 (1bf021f248676..., userDataDir: C:\Users\JUANAN~1\AppData\L...}, goog:chromeOptions: {debuggerAddress: localhost:62071}, javascriptEnabled: true, networkConnectionEnabled: false, pageLoadStrategy: normal, platform: WINDOWS, platformName: WINDOWS, proxy: Proxy(), setWindowRect: true, strictFileInteractability: false, timeouts: {implicit: 0, pageLoad: 300000, script: 30000}, unhandledPromptBehavior: dismiss and notify, webauthn:extension:largeBlob: true, webauthn:virtualAuthenticators: true}&#10;Session ID: 1bfa2fd18b52fb82cc33585fc41795fa&#10;*** Element info: {Using=xpath, value=(//span[contains(text(),'producto')])[1]}" type="java.lang.AssertionError">no such element: Unable to locate element: {"method":"xpath","selector":"(//span[contains(text(),'producto')])[1]"}
  (Session info: chrome=91.0.4472.101)
For documentation on this error, please visit: https://www.seleniumhq.org/exceptions/no_such_element.html
Build info: version: '3.141.59', revision: 'e82be7d358', time: '2018-11-14T08:17:03'
System info: host: 'DESKTOP-F5EL4IS', ip: '192.168.0.6', os.name: 'Windows 10', os.arch: 'amd64', os.version: '10.0', java.version: '1.8.0_291'
Driver info: org.openqa.selenium.chrome.ChromeDriver
Capabilities {acceptInsecureCerts: false, browserName: chrome, browserVersion: 91.0.4472.101, chrome: {chromedriverVersion: 91.0.4472.19 (1bf021f248676..., userDataDir: C:\Users\JUANAN~1\AppData\L...}, goog:chromeOptions: {debuggerAddress: localhost:62071}, javascriptEnabled: true, networkConnectionEnabled: false, pageLoadStrategy: normal, platform: WINDOWS, platformName: WINDOWS, proxy: Proxy(), setWindowRect: true, strictFileInteractability: false, timeouts: {implicit: 0, pageLoad: 300000, script: 30000}, unhandledPromptBehavior: dismiss and notify, webauthn:extension:largeBlob: true, webauthn:virtualAuthenticators: true}
Session ID: 1bfa2fd18b52fb82cc33585fc41795fa
*** Element info: {Using=xpath, value=(//span[contains(text(),'producto')])[1]}</error><system-err>no such element: Unable to locate element: {"method":"xpath","selector":"(//span[contains(text(),'producto')])[1]"}
  (Session info: chrome=91.0.4472.101)
For documentation on this error, please visit: https://www.seleniumhq.org/exceptions/no_such_element.html
Build info: version: '3.141.59', revision: 'e82be7d358', time: '2018-11-14T08:17:03'
System info: host: 'DESKTOP-F5EL4IS', ip: '192.168.0.6', os.name: 'Windows 10', os.arch: 'amd64', os.version: '10.0', java.version: '1.8.0_291'
Driver info: org.openqa.selenium.chrome.ChromeDriver
Capabilities {acceptInsecureCerts: false, browserName: chrome, browserVersion: 91.0.4472.101, chrome: {chromedriverVersion: 91.0.4472.19 (1bf021f248676..., userDataDir: C:\Users\JUANAN~1\AppData\L...}, goog:chromeOptions: {debuggerAddress: localhost:62071}, javascriptEnabled: true, networkConnectionEnabled: false, pageLoadStrategy: normal, platform: WINDOWS, platformName: WINDOWS, proxy: Proxy(), setWindowRect: true, strictFileInteractability: false, timeouts: {implicit: 0, pageLoad: 300000, script: 30000}, unhandledPromptBehavior: dismiss and notify, webauthn:extension:largeBlob: true, webauthn:virtualAuthenticators: true}
Session ID: 1bfa2fd18b52fb82cc33585fc41795fa
*** Element info: {Using=xpath, value=(//span[contains(text(),'producto')])[1]}&#13;
stepDefinitions.DafitiEscenarioFallidoExitosoStepDefinitions.puedoValidarElArticuloEnLaPantalla(DafitiEscenarioFallidoExitosoStepDefinitions.java:37)&#13;
✽.Puedo validar el articulo en la pantalla(src/test/resources/features/EscenarioFallidoExitoso.feature:11)&#13;
</system-err></testcase><testcase name="Buscar el producto en el buscador de Dafiti con respuesta Fallida"><error message="no such element: Unable to locate element: {&quot;method&quot;:&quot;xpath&quot;,&quot;selector&quot;:&quot;(//span[contains(text(),'producto')])[1]&quot;}&#10;  (Session info: chrome=91.0.4472.101)&#10;For documentation on this error, please visit: https://www.seleniumhq.org/exceptions/no_such_element.html&#10;Build info: version: '3.141.59', revision: 'e82be7d358', time: '2018-11-14T08:17:03'&#10;System info: host: 'DESKTOP-F5EL4IS', ip: '192.168.0.6', os.name: 'Windows 10', os.arch: 'amd64', os.version: '10.0', java.version: '1.8.0_291'&#10;Driver info: org.openqa.selenium.chrome.ChromeDriver&#10;Capabilities {acceptInsecureCerts: false, browserName: chrome, browserVersion: 91.0.4472.101, chrome: {chromedriverVersion: 91.0.4472.19 (1bf021f248676..., userDataDir: C:\Users\JUANAN~1\AppData\L...}, goog:chromeOptions: {debuggerAddress: localhost:59622}, javascriptEnabled: true, networkConnectionEnabled: false, pageLoadStrategy: normal, platform: WINDOWS, platformName: WINDOWS, proxy: Proxy(), setWindowRect: true, strictFileInteractability: false, timeouts: {implicit: 0, pageLoad: 300000, script: 30000}, unhandledPromptBehavior: dismiss and notify, webauthn:extension:largeBlob: true, webauthn:virtualAuthenticators: true}&#10;Session ID: 7a19ba2b0e622d09e613dab02ff32819&#10;*** Element info: {Using=xpath, value=(//span[contains(text(),'producto')])[1]}" type="java.lang.AssertionError">no such element: Unable to locate element: {"method":"xpath","selector":"(//span[contains(text(),'producto')])[1]"}
  (Session info: chrome=91.0.4472.101)
For documentation on this error, please visit: https://www.seleniumhq.org/exceptions/no_such_element.html
Build info: version: '3.141.59', revision: 'e82be7d358', time: '2018-11-14T08:17:03'
System info: host: 'DESKTOP-F5EL4IS', ip: '192.168.0.6', os.name: 'Windows 10', os.arch: 'amd64', os.version: '10.0', java.version: '1.8.0_291'
Driver info: org.openqa.selenium.chrome.ChromeDriver
Capabilities {acceptInsecureCerts: false, browserName: chrome, browserVersion: 91.0.4472.101, chrome: {chromedriverVersion: 91.0.4472.19 (1bf021f248676..., userDataDir: C:\Users\JUANAN~1\AppData\L...}, goog:chromeOptions: {debuggerAddress: localhost:59622}, javascriptEnabled: true, networkConnectionEnabled: false, pageLoadStrategy: normal, platform: WINDOWS, platformName: WINDOWS, proxy: Proxy(), setWindowRect: true, strictFileInteractability: false, timeouts: {implicit: 0, pageLoad: 300000, script: 30000}, unhandledPromptBehavior: dismiss and notify, webauthn:extension:largeBlob: true, webauthn:virtualAuthenticators: true}
Session ID: 7a19ba2b0e622d09e613dab02ff32819
*** Element info: {Using=xpath, value=(//span[contains(text(),'producto')])[1]}</error><system-err>no such element: Unable to locate element: {"method":"xpath","selector":"(//span[contains(text(),'producto')])[1]"}
  (Session info: chrome=91.0.4472.101)
For documentation on this error, please visit: https://www.seleniumhq.org/exceptions/no_such_element.html
Build info: version: '3.141.59', revision: 'e82be7d358', time: '2018-11-14T08:17:03'
System info: host: 'DESKTOP-F5EL4IS', ip: '192.168.0.6', os.name: 'Windows 10', os.arch: 'amd64', os.version: '10.0', java.version: '1.8.0_291'
Driver info: org.openqa.selenium.chrome.ChromeDriver
Capabilities {acceptInsecureCerts: false, browserName: chrome, browserVersion: 91.0.4472.101, chrome: {chromedriverVersion: 91.0.4472.19 (1bf021f248676..., userDataDir: C:\Users\JUANAN~1\AppData\L...}, goog:chromeOptions: {debuggerAddress: localhost:59622}, javascriptEnabled: true, networkConnectionEnabled: false, pageLoadStrategy: normal, platform: WINDOWS, platformName: WINDOWS, proxy: Proxy(), setWindowRect: true, strictFileInteractability: false, timeouts: {implicit: 0, pageLoad: 300000, script: 30000}, unhandledPromptBehavior: dismiss and notify, webauthn:extension:largeBlob: true, webauthn:virtualAuthenticators: true}
Session ID: 7a19ba2b0e622d09e613dab02ff32819
*** Element info: {Using=xpath, value=(//span[contains(text(),'producto')])[1]}&#13;
stepDefinitions.DafitiEscenarioFallidoExitosoStepDefinitions.puedoValidarElArticuloEnLaPantalla(DafitiEscenarioFallidoExitosoStepDefinitions.java:37)&#13;
✽.Puedo validar el articulo en la pantalla(src/test/resources/features/EscenarioFallidoExitoso.feature:18)&#13;
</system-err></testcase></testsuite>